<?xml version="1.0" encoding="utf-8"?><testsuites><testsuite name="pytest" errors="0" failures="0" skipped="0" tests="8" time="3.014" timestamp="2023-10-20T18:07:02.645776" hostname="Ubuntu"><testcase classname="app.routers.activity.tests.test_activity" name="test_create_activity" time="0.087" /><testcase classname="app.routers.activity.tests.test_activity" name="test_create_activity_not_found" time="0.068" /><testcase classname="app.routers.activity.tests.test_activity" name="test_get_activity_w_bad_token" time="0.040" /><testcase classname="app.routers.activity.tests.test_activity" name="test_get_bad_filter" time="0.125" /><testcase classname="app.routers.activity.tests.test_activity" name="test_get_with_all_params" time="0.469" /><testcase classname="app.routers.activity.tests.test_activity" name="test_update_unknown_activity" time="0.013" /><testcase classname="app.routers.activity.tests.test_activity" name="test_lifecycle_activity" time="0.061" /><testcase classname="app.routers.utils.tests.test_utils" name="test_api_status" time="0.050" /></testsuite></testsuites>